<?xml version="1.0" encoding="UTF-8"?>
<!-- Generated by org.testng.reporters.JUnitReportReporter -->
<testsuite skipped="0" hostname="qaint" name="clo.TrainingModeReturn" tests="1" failures="0" timestamp="31 Jul 2019 22:00:54 GMT" time="44.174" errors="0">
  <testcase name="createaReturn" time="44.174" classname="clo.TrainingModeReturn"/>
</testsuite> <!-- clo.TrainingModeReturn -->
