<?xml version="1.0" encoding="UTF-8"?>
<!-- Generated by org.testng.reporters.JUnitReportReporter -->
<testsuite hostname="CA2-WV-QA06" failures="0" tests="1" name="clo.AddaNewReturn" time="151.748" errors="0" timestamp="2025-03-13T07:36:06 PDT" skipped="0">
  <testcase classname="clo.AddaNewReturn" name="addaReturn" time="151.748"/>
  <system-out>
    <![CDATA[Test started
<br>
STARTING ADDARETURN
<br>
opened a preparer-1
opened a preparer
<br>
addW2
frm8879
verifyareturn-5
Test Passed]]>
  </system-out>
</testsuite> <!-- clo.AddaNewReturn -->
