<?xml version="1.0" encoding="UTF-8"?>
<!-- Generated by org.testng.reporters.JUnitReportReporter -->
<testsuite hostname="CA2-WV-QA06" failures="0" tests="1" name="clo.AddaNewReturn" time="47.134" errors="0" timestamp="2025-03-18T09:19:42 PDT" skipped="0">
  <testcase classname="clo.AddaNewReturn" name="BillinginSetup" time="47.134"/>
  <system-out>
    <![CDATA[Test started
<br>
opened a preparer-1
opened a preparer
<br>
opened a preparer-1
Test Passed]]>
  </system-out>
</testsuite> <!-- clo.AddaNewReturn -->
