<?xml version="1.0" encoding="UTF-8"?>
<!-- Generated by org.testng.reporters.JUnitReportReporter -->
<testsuite skipped="0" hostname="qaint" name="clo.AccountSettings" tests="7" failures="0" timestamp="06 Aug 2019 18:06:13 GMT" time="50.528" errors="0">
  <testcase name="switchYear" time="25.527" classname="clo.AccountSettings"/>
  <testcase name="changePassword" time="4.433" classname="clo.AccountSettings"/>
  <testcase name="changePasswordCancel" time="4.235" classname="clo.AccountSettings"/>
  <testcase name="toggleTrainingMode" time="3.269" classname="clo.AccountSettings"/>
  <testcase name="toggleTrainingModeOff" time="3.300" classname="clo.AccountSettings"/>
  <testcase name="captureSignature" time="7.126" classname="clo.AccountSettings"/>
  <testcase name="loginSettings" time="2.638" classname="clo.AccountSettings"/>
</testsuite> <!-- clo.AccountSettings -->
