<?xml version="1.0" encoding="UTF-8"?>
<!-- Generated by org.testng.reporters.JUnitReportReporter -->
<testsuite skipped="0" hostname="qaint" name="clo.DatabaseSettings" tests="24" failures="0" timestamp="06 Aug 2019 18:06:13 GMT" time="95.080" errors="0">
  <testcase name="dbAddCity" time="18.212" classname="clo.DatabaseSettings"/>
  <testcase name="dbEditCity" time="2.489" classname="clo.DatabaseSettings"/>
  <testcase name="dbDeleteCity" time="2.875" classname="clo.DatabaseSettings"/>
  <testcase name="dbaddEmployer" time="7.287" classname="clo.DatabaseSettings"/>
  <testcase name="dbeditEmployer" time="5.304" classname="clo.DatabaseSettings"/>
  <testcase name="dbDeleteEmployer" time="3.438" classname="clo.DatabaseSettings"/>
  <testcase name="dbaddCareProvider" time="4.702" classname="clo.DatabaseSettings"/>
  <testcase name="dbeditCareProvider" time="3.255" classname="clo.DatabaseSettings"/>
  <testcase name="dbDeleteCareProvider" time="2.572" classname="clo.DatabaseSettings"/>
  <testcase name="dbaddReferrals" time="2.703" classname="clo.DatabaseSettings"/>
  <testcase name="dbeditReferrals" time="2.759" classname="clo.DatabaseSettings"/>
  <testcase name="dbDeleteReferrals" time="4.917" classname="clo.DatabaseSettings"/>
  <testcase name="dbaddDonee" time="3.677" classname="clo.DatabaseSettings"/>
  <testcase name="dbeditDonee" time="3.430" classname="clo.DatabaseSettings"/>
  <testcase name="dbDeleteDonee" time="2.465" classname="clo.DatabaseSettings"/>
  <testcase name="dbaddBankRTN" time="2.045" classname="clo.DatabaseSettings"/>
  <testcase name="dbeditBankRTN" time="2.009" classname="clo.DatabaseSettings"/>
  <testcase name="dbDeleteBankRTN" time="2.414" classname="clo.DatabaseSettings"/>
  <testcase name="dbaddOccupations" time="2.370" classname="clo.DatabaseSettings"/>
  <testcase name="dbeditOccupations" time="2.159" classname="clo.DatabaseSettings"/>
  <testcase name="dbDeleteOccupations" time="2.839" classname="clo.DatabaseSettings"/>
  <testcase name="dbaddEducationalInstitute" time="3.783" classname="clo.DatabaseSettings"/>
  <testcase name="dbeditEducationalInstitute" time="2.305" classname="clo.DatabaseSettings"/>
  <testcase name="dbDeleteEducationalInstitute" time="5.071" classname="clo.DatabaseSettings"/>
</testsuite> <!-- clo.DatabaseSettings -->
