<?xml version="1.0" encoding="UTF-8"?>
<!-- Generated by org.testng.reporters.JUnitReportReporter -->
<testsuite skipped="0" hostname="qaint" name="clo.LoginPage" tests="11" failures="0" timestamp="15 Jul 2019 16:18:05 GMT" time="78.717" errors="0">
  <testcase name="loginNegative" time="12.027" classname="clo.LoginPage"/>
  <testcase name="loginPositive" time="14.362" classname="clo.LoginPage"/>
  <testcase name="createNewAppointment" time="9.476" classname="clo.LoginPage"/>
  <testcase name="createApptSameTime" time="10.117" classname="clo.LoginPage"/>
  <testcase name="updateAppointment" time="6.958" classname="clo.LoginPage"/>
  <testcase name="deleteAppointment" time="1.324" classname="clo.LoginPage"/>
  <testcase name="newMessageSent" time="5.594" classname="clo.LoginPage"/>
  <testcase name="newMessageReply" time="4.322" classname="clo.LoginPage"/>
  <testcase name="deleteMessage" time="2.445" classname="clo.LoginPage"/>
  <testcase name="checksReadyToPrint" time="5.276" classname="clo.LoginPage"/>
  <testcase name="checksRegister" time="6.816" classname="clo.LoginPage"/>
</testsuite> <!-- clo.LoginPage -->
