<?xml version="1.0" encoding="UTF-8"?>
<!-- Generated by org.testng.reporters.JUnitReportReporter -->
<testsuite skipped="0" hostname="qaint" name="clo.AddaNewPreparer" tests="1" failures="0" timestamp="22 May 2019 16:55:44 GMT" time="11.673" errors="0">
  <testcase name="newPrep" time="11.673" classname="clo.AddaNewPreparer"/>
</testsuite> <!-- clo.AddaNewPreparer -->
