<?xml version="1.0" encoding="UTF-8"?>
<!-- Generated by org.testng.reporters.JUnitReportReporter -->
<testsuite hostname="CA2-WV-QA06" failures="0" tests="1" name="clo.AddaNewPreparer" time="19.638" errors="0" timestamp="2025-01-24T15:48:04 PST" skipped="0">
  <testcase classname="clo.AddaNewPreparer" name="adddeleteaprep" time="19.638"/>
  <system-out>
    <![CDATA[Test started
<br>
STARTING ADD A PREPARER
Test Passed]]>
  </system-out>
</testsuite> <!-- clo.AddaNewPreparer -->
