<?xml version="1.0" encoding="UTF-8"?>
<!-- Generated by org.testng.reporters.JUnitReportReporter -->
<testsuite skipped="0" hostname="qaint" name="clo.AddaNewReturn" tests="1" failures="0" timestamp="09 Sep 2019 21:06:23 GMT" time="48.043" errors="0">
  <testcase name="addaReturn" time="48.043" classname="clo.AddaNewReturn"/>
</testsuite> <!-- clo.AddaNewReturn -->
